This is pdfTeX, Version 3.1415926-2.3-1.40.12 (MiKTeX 2.9 64-bit) (preloaded format=pdflatex 2013.1.17)  22 SEP 2015 14:40
entering extended mode
**Custom*Thesis.tex
("C:\Users\cmcerlean\Documents\Thesis\Custom layout\Custom Thesis.tex"
LaTeX2e <2011/06/27>
Babel <v3.8m> and hyphenation patterns for english, afrikaans, ancientgreek, ar
abic, armenian, assamese, basque, bengali, bokmal, bulgarian, catalan, coptic, 
croatian, czech, danish, dutch, esperanto, estonian, farsi, finnish, french, ga
lician, german, german-x-2009-06-19, greek, gujarati, hindi, hungarian, iceland
ic, indonesian, interlingua, irish, italian, kannada, kurmanji, lao, latin, lat
vian, lithuanian, malayalam, marathi, mongolian, mongolianlmc, monogreek, ngerm
an, ngerman-x-2009-06-19, nynorsk, oriya, panjabi, pinyin, polish, portuguese, 
romanian, russian, sanskrit, serbian, slovak, slovenian, spanish, swedish, swis
sgerman, tamil, telugu, turkish, turkmen, ukenglish, ukrainian, uppersorbian, u
senglishmax, welsh, loaded.
("C:\Program Files\MiKTeX 2.9\tex\latex\base\book.cls"
Document Class: book 2007/10/19 v1.4h Standard LaTeX document class
("C:\Program Files\MiKTeX 2.9\tex\latex\base\bk11.clo"
File: bk11.clo 2007/10/19 v1.4h Standard LaTeX file (size option)
)
\c@part=\count79
\c@chapter=\count80
\c@section=\count81
\c@subsection=\count82
\c@subsubsection=\count83
\c@paragraph=\count84
\c@subparagraph=\count85
\c@figure=\count86
\c@table=\count87
\abovecaptionskip=\skip41
\belowcaptionskip=\skip42
\bibindent=\dimen102
)
("C:\Program Files\MiKTeX 2.9\tex\latex\psnfss\palatino.sty"
Package: palatino 2005/04/12 PSNFSS-v9.2a (SPQR) 
)
("C:\Program Files\MiKTeX 2.9\tex\generic\babel\babel.sty"
Package: babel 2008/07/08 v3.8m The Babel package

*************************************
* Local config file bblopts.cfg used
*
("C:\Program Files\MiKTeX 2.9\tex\latex\00miktex\bblopts.cfg"
File: bblopts.cfg 2006/07/31 v1.0 MiKTeX 'babel' configuration
)
("C:\Program Files\MiKTeX 2.9\tex\generic\babel\english.ldf"
Language: english 2005/03/30 v3.3o English support from the babel system

("C:\Program Files\MiKTeX 2.9\tex\generic\babel\babel.def"
File: babel.def 2008/07/08 v3.8m Babel common definitions
\babel@savecnt=\count88
\U@D=\dimen103
)
\l@canadian = a dialect from \language\l@american 
\l@australian = a dialect from \language\l@british 
\l@newzealand = a dialect from \language\l@british 
))
("C:\Program Files\MiKTeX 2.9\tex\latex\ams\math\amsmath.sty"
Package: amsmath 2000/07/18 v2.13 AMS math features
\@mathmargin=\skip43

For additional information on amsmath, use the `?' option.
("C:\Program Files\MiKTeX 2.9\tex\latex\ams\math\amstext.sty"
Package: amstext 2000/06/29 v2.01

("C:\Program Files\MiKTeX 2.9\tex\latex\ams\math\amsgen.sty"
File: amsgen.sty 1999/11/30 v2.0
\@emptytoks=\toks14
\ex@=\dimen104
))
("C:\Program Files\MiKTeX 2.9\tex\latex\ams\math\amsbsy.sty"
Package: amsbsy 1999/11/29 v1.2d
\pmbraise@=\dimen105
)
("C:\Program Files\MiKTeX 2.9\tex\latex\ams\math\amsopn.sty"
Package: amsopn 1999/12/14 v2.01 operator names
)
\inf@bad=\count89
LaTeX Info: Redefining \frac on input line 211.
\uproot@=\count90
\leftroot@=\count91
LaTeX Info: Redefining \overline on input line 307.
\classnum@=\count92
\DOTSCASE@=\count93
LaTeX Info: Redefining \ldots on input line 379.
LaTeX Info: Redefining \dots on input line 382.
LaTeX Info: Redefining \cdots on input line 467.
\Mathstrutbox@=\box26
\strutbox@=\box27
\big@size=\dimen106
LaTeX Font Info:    Redeclaring font encoding OML on input line 567.
LaTeX Font Info:    Redeclaring font encoding OMS on input line 568.
\macc@depth=\count94
\c@MaxMatrixCols=\count95
\dotsspace@=\muskip10
\c@parentequation=\count96
\dspbrk@lvl=\count97
\tag@help=\toks15
\row@=\count98
\column@=\count99
\maxfields@=\count100
\andhelp@=\toks16
\eqnshift@=\dimen107
\alignsep@=\dimen108
\tagshift@=\dimen109
\tagwidth@=\dimen110
\totwidth@=\dimen111
\lineht@=\dimen112
\@envbody=\toks17
\multlinegap=\skip44
\multlinetaggap=\skip45
\mathdisplay@stack=\toks18
LaTeX Info: Redefining \[ on input line 2666.
LaTeX Info: Redefining \] on input line 2667.
)
("C:\Program Files\MiKTeX 2.9\tex\latex\amsfonts\amssymb.sty"
Package: amssymb 2009/06/22 v3.00

("C:\Program Files\MiKTeX 2.9\tex\latex\amsfonts\amsfonts.sty"
Package: amsfonts 2009/06/22 v3.00 Basic AMSFonts support
\symAMSa=\mathgroup4
\symAMSb=\mathgroup5
LaTeX Font Info:    Overwriting math alphabet `\mathfrak' in version `bold'
(Font)                  U/euf/m/n --> U/euf/b/n on input line 96.
))
(C:\Users\cmcerlean\AppData\Roaming\MiKTeX\2.9\tex\latex\ieeepes\vmargin.sty
Package: vmargin 1999/06/01

Package `vmargin', V2.2, <1999/06/01>
\PaperWidth=\dimen113
\PaperHeight=\dimen114
)
(C:\Users\cmcerlean\AppData\Roaming\MiKTeX\2.9\tex\latex\fancyhdr\fancyhdr.sty
\fancy@headwidth=\skip46
\f@ncyO@elh=\skip47
\f@ncyO@erh=\skip48
\f@ncyO@olh=\skip49
\f@ncyO@orh=\skip50
\f@ncyO@elf=\skip51
\f@ncyO@erf=\skip52
\f@ncyO@olf=\skip53
\f@ncyO@orf=\skip54
)
(C:\Users\cmcerlean\AppData\Roaming\MiKTeX\2.9\tex\latex\subfigure\subfigure.st
y
Package: subfigure 2002/07/30 v2.1.4 subfigure package
\subfigtopskip=\skip55
\subfigcapskip=\skip56
\subfigcaptopadj=\dimen115
\subfigbottomskip=\skip57
\subfigcapmargin=\dimen116
\subfiglabelskip=\skip58
\c@subfigure=\count101
\c@lofdepth=\count102
\c@subtable=\count103
\c@lotdepth=\count104

****************************************
* Local config file subfigure.cfg used *
****************************************

(C:\Users\cmcerlean\AppData\Roaming\MiKTeX\2.9\tex\latex\subfigure\subfigure.cf
g)
\subfig@top=\skip59
\subfig@bottom=\skip60
) ("C:\Program Files\MiKTeX 2.9\tex\latex\graphics\graphicx.sty"
Package: graphicx 1999/02/16 v1.0f Enhanced LaTeX Graphics (DPC,SPQR)

("C:\Program Files\MiKTeX 2.9\tex\latex\graphics\keyval.sty"
Package: keyval 1999/03/16 v1.13 key=value parser (DPC)
\KV@toks@=\toks19
)
("C:\Program Files\MiKTeX 2.9\tex\latex\graphics\graphics.sty"
Package: graphics 2009/02/05 v1.0o Standard LaTeX Graphics (DPC,SPQR)

("C:\Program Files\MiKTeX 2.9\tex\latex\graphics\trig.sty"
Package: trig 1999/03/16 v1.09 sin cos tan (DPC)
)
("C:\Program Files\MiKTeX 2.9\tex\latex\00miktex\graphics.cfg"
File: graphics.cfg 2007/01/18 v1.5 graphics configuration of teTeX/TeXLive
)
Package graphics Info: Driver file: pdftex.def on input line 91.

("C:\Program Files\MiKTeX 2.9\tex\latex\pdftex-def\pdftex.def"
File: pdftex.def 2011/05/27 v0.06d Graphics/color for pdfTeX

("C:\Program Files\MiKTeX 2.9\tex\generic\oberdiek\infwarerr.sty"
Package: infwarerr 2010/04/08 v1.3 Providing info/warning/error messages (HO)
)
("C:\Program Files\MiKTeX 2.9\tex\generic\oberdiek\ltxcmds.sty"
Package: ltxcmds 2011/11/09 v1.22 LaTeX kernel commands for general use (HO)
)
\Gread@gobject=\count105
))
\Gin@req@height=\dimen117
\Gin@req@width=\dimen118
)
("C:\Program Files\MiKTeX 2.9\tex\latex\ltxmisc\url.sty"
\Urlmuskip=\muskip11
Package: url 2006/04/12  ver 3.3  Verb mode for urls, etc.
)
("C:\Program Files\MiKTeX 2.9\tex\latex\hyperref\backref.sty"
Package: backref 2010/08/30 v1.36 Bibliographical back referencing

("C:\Program Files\MiKTeX 2.9\tex\latex\oberdiek\rerunfilecheck.sty"
Package: rerunfilecheck 2011/04/15 v1.7 Rerun checks for auxiliary files (HO)

("C:\Program Files\MiKTeX 2.9\tex\latex\oberdiek\kvoptions.sty"
Package: kvoptions 2011/06/30 v3.11 Key value format for package options (HO)

("C:\Program Files\MiKTeX 2.9\tex\generic\oberdiek\kvsetkeys.sty"
Package: kvsetkeys 2012/04/25 v1.16 Key value parser (HO)

("C:\Program Files\MiKTeX 2.9\tex\generic\oberdiek\etexcmds.sty"
Package: etexcmds 2011/02/16 v1.5 Avoid name clashes with e-TeX commands (HO)

("C:\Program Files\MiKTeX 2.9\tex\generic\oberdiek\ifluatex.sty"
Package: ifluatex 2010/03/01 v1.3 Provides the ifluatex switch (HO)
Package ifluatex Info: LuaTeX not detected.
)
Package etexcmds Info: Could not find \expanded.
(etexcmds)             That can mean that you are not using pdfTeX 1.50 or
(etexcmds)             that some package has redefined \expanded.
(etexcmds)             In the latter case, load this package earlier.
)))
("C:\Program Files\MiKTeX 2.9\tex\generic\oberdiek\pdftexcmds.sty"
Package: pdftexcmds 2011/11/29 v0.20 Utility functions of pdfTeX for LuaTeX (HO
)

("C:\Program Files\MiKTeX 2.9\tex\generic\oberdiek\ifpdf.sty"
Package: ifpdf 2011/01/30 v2.3 Provides the ifpdf switch (HO)
Package ifpdf Info: pdfTeX in PDF mode is detected.
)
Package pdftexcmds Info: LuaTeX not detected.
Package pdftexcmds Info: \pdf@primitive is available.
Package pdftexcmds Info: \pdf@ifprimitive is available.
Package pdftexcmds Info: \pdfdraftmode found.
)
("C:\Program Files\MiKTeX 2.9\tex\latex\oberdiek\atveryend.sty"
Package: atveryend 2011/06/30 v1.8 Hooks at the very end of document (HO)
Package atveryend Info: \enddocument detected (standard20110627).
)
("C:\Program Files\MiKTeX 2.9\tex\generic\oberdiek\uniquecounter.sty"
Package: uniquecounter 2011/01/30 v1.2 Provide unlimited unique counter (HO)

("C:\Program Files\MiKTeX 2.9\tex\generic\oberdiek\bigintcalc.sty"
Package: bigintcalc 2012/04/08 v1.3 Expandable calculations on big integers (HO
)
))
Package uniquecounter Info: New unique counter `rerunfilecheck' on input line 2
82.
))
(C:\Users\cmcerlean\AppData\Roaming\MiKTeX\2.9\tex\latex\natbib\natbib.sty
Package: natbib 2010/09/13 8.31b (PWD, AO)
\bibhang=\skip61
\bibsep=\skip62
LaTeX Info: Redefining \cite on input line 694.
\c@NAT@ctr=\count106
)
(C:\Users\cmcerlean\AppData\Roaming\MiKTeX\2.9\tex\latex\comment\comment.sty
\CommentStream=\write3

Excluding comment 'comment')
(C:\Users\cmcerlean\AppData\Roaming\MiKTeX\2.9\tex\latex\draftcopy\draftcopy.st
y
Package: draftcopy 2002/02/25 v2.16
\draftcopy@hour=\count107
\draftcopy@minute=\count108

(C:\Users\cmcerlean\AppData\Roaming\MiKTeX\2.9\tex\latex\draftcopy\draftcopy.cf
g)
Prints DRAFT on pages; does not show in your DVI viewer
)
(C:\Users\cmcerlean\AppData\Roaming\MiKTeX\2.9\tex\latex\setspace\setspace.sty
Package: setspace 2011/12/19 v6.7a set line spacing
) (C:\Users\cmcerlean\AppData\Roaming\MiKTeX\2.9\tex\latex\caption\caption.sty
Package: caption 2013/01/06 v3.3 Customizing captions (AR)

(C:\Users\cmcerlean\AppData\Roaming\MiKTeX\2.9\tex\latex\caption\caption3.sty
Package: caption3 2013/01/06 v1.5 caption3 kernel (AR)
\captionmargin=\dimen119
\captionmargin@=\dimen120
\captionwidth=\dimen121
\caption@tempdima=\dimen122
\caption@indent=\dimen123
\caption@parindent=\dimen124
\caption@hangindent=\dimen125
)
\c@ContinuedFloat=\count109
Package caption Info: subfigure package is loaded.
) ("C:\Program Files\MiKTeX 2.9\tex\latex\base\textcomp.sty"
Package: textcomp 2005/09/27 v1.99g Standard LaTeX package
Package textcomp Info: Sub-encoding information:
(textcomp)               5 = only ISO-Adobe without \textcurrency
(textcomp)               4 = 5 + \texteuro
(textcomp)               3 = 4 + \textohm
(textcomp)               2 = 3 + \textestimated + \textcurrency
(textcomp)               1 = TS1 - \textcircled - \t
(textcomp)               0 = TS1 (full)
(textcomp)             Font families with sub-encoding setting implement
(textcomp)             only a restricted character set as indicated.
(textcomp)             Family '?' is the default used for unknown fonts.
(textcomp)             See the documentation for details.
Package textcomp Info: Setting ? sub-encoding to TS1/1 on input line 71.

("C:\Program Files\MiKTeX 2.9\tex\latex\base\ts1enc.def"
File: ts1enc.def 2001/06/05 v3.0e (jk/car/fm) Standard LaTeX file
)
LaTeX Info: Redefining \oldstylenums on input line 266.
Package textcomp Info: Setting cmr sub-encoding to TS1/0 on input line 281.
Package textcomp Info: Setting cmss sub-encoding to TS1/0 on input line 282.
Package textcomp Info: Setting cmtt sub-encoding to TS1/0 on input line 283.
Package textcomp Info: Setting cmvtt sub-encoding to TS1/0 on input line 284.
Package textcomp Info: Setting cmbr sub-encoding to TS1/0 on input line 285.
Package textcomp Info: Setting cmtl sub-encoding to TS1/0 on input line 286.
Package textcomp Info: Setting ccr sub-encoding to TS1/0 on input line 287.
Package textcomp Info: Setting ptm sub-encoding to TS1/4 on input line 288.
Package textcomp Info: Setting pcr sub-encoding to TS1/4 on input line 289.
Package textcomp Info: Setting phv sub-encoding to TS1/4 on input line 290.
Package textcomp Info: Setting ppl sub-encoding to TS1/3 on input line 291.
Package textcomp Info: Setting pag sub-encoding to TS1/4 on input line 292.
Package textcomp Info: Setting pbk sub-encoding to TS1/4 on input line 293.
Package textcomp Info: Setting pnc sub-encoding to TS1/4 on input line 294.
Package textcomp Info: Setting pzc sub-encoding to TS1/4 on input line 295.
Package textcomp Info: Setting bch sub-encoding to TS1/4 on input line 296.
Package textcomp Info: Setting put sub-encoding to TS1/5 on input line 297.
Package textcomp Info: Setting uag sub-encoding to TS1/5 on input line 298.
Package textcomp Info: Setting ugq sub-encoding to TS1/5 on input line 299.
Package textcomp Info: Setting ul8 sub-encoding to TS1/4 on input line 300.
Package textcomp Info: Setting ul9 sub-encoding to TS1/4 on input line 301.
Package textcomp Info: Setting augie sub-encoding to TS1/5 on input line 302.
Package textcomp Info: Setting dayrom sub-encoding to TS1/3 on input line 303.
Package textcomp Info: Setting dayroms sub-encoding to TS1/3 on input line 304.

Package textcomp Info: Setting pxr sub-encoding to TS1/0 on input line 305.
Package textcomp Info: Setting pxss sub-encoding to TS1/0 on input line 306.
Package textcomp Info: Setting pxtt sub-encoding to TS1/0 on input line 307.
Package textcomp Info: Setting txr sub-encoding to TS1/0 on input line 308.
Package textcomp Info: Setting txss sub-encoding to TS1/0 on input line 309.
Package textcomp Info: Setting txtt sub-encoding to TS1/0 on input line 310.
Package textcomp Info: Setting lmr sub-encoding to TS1/0 on input line 311.
Package textcomp Info: Setting lmdh sub-encoding to TS1/0 on input line 312.
Package textcomp Info: Setting lmss sub-encoding to TS1/0 on input line 313.
Package textcomp Info: Setting lmssq sub-encoding to TS1/0 on input line 314.
Package textcomp Info: Setting lmvtt sub-encoding to TS1/0 on input line 315.
Package textcomp Info: Setting qhv sub-encoding to TS1/0 on input line 316.
Package textcomp Info: Setting qag sub-encoding to TS1/0 on input line 317.
Package textcomp Info: Setting qbk sub-encoding to TS1/0 on input line 318.
Package textcomp Info: Setting qcr sub-encoding to TS1/0 on input line 319.
Package textcomp Info: Setting qcs sub-encoding to TS1/0 on input line 320.
Package textcomp Info: Setting qpl sub-encoding to TS1/0 on input line 321.
Package textcomp Info: Setting qtm sub-encoding to TS1/0 on input line 322.
Package textcomp Info: Setting qzc sub-encoding to TS1/0 on input line 323.
Package textcomp Info: Setting qhvc sub-encoding to TS1/0 on input line 324.
Package textcomp Info: Setting futs sub-encoding to TS1/4 on input line 325.
Package textcomp Info: Setting futx sub-encoding to TS1/4 on input line 326.
Package textcomp Info: Setting futj sub-encoding to TS1/4 on input line 327.
Package textcomp Info: Setting hlh sub-encoding to TS1/3 on input line 328.
Package textcomp Info: Setting hls sub-encoding to TS1/3 on input line 329.
Package textcomp Info: Setting hlst sub-encoding to TS1/3 on input line 330.
Package textcomp Info: Setting hlct sub-encoding to TS1/5 on input line 331.
Package textcomp Info: Setting hlx sub-encoding to TS1/5 on input line 332.
Package textcomp Info: Setting hlce sub-encoding to TS1/5 on input line 333.
Package textcomp Info: Setting hlcn sub-encoding to TS1/5 on input line 334.
Package textcomp Info: Setting hlcw sub-encoding to TS1/5 on input line 335.
Package textcomp Info: Setting hlcf sub-encoding to TS1/5 on input line 336.
Package textcomp Info: Setting pplx sub-encoding to TS1/3 on input line 337.
Package textcomp Info: Setting pplj sub-encoding to TS1/3 on input line 338.
Package textcomp Info: Setting ptmx sub-encoding to TS1/4 on input line 339.
Package textcomp Info: Setting ptmj sub-encoding to TS1/4 on input line 340.
)
("C:\Users\cmcerlean\Documents\Thesis\Custom layout\Custom Thesis.aux"
("C:\Users\cmcerlean\Documents\Thesis\Custom layout\Chapter1.aux"))
LaTeX Font Info:    Checking defaults for OML/cmm/m/it on input line 127.
LaTeX Font Info:    ... okay on input line 127.
LaTeX Font Info:    Checking defaults for T1/cmr/m/n on input line 127.
LaTeX Font Info:    ... okay on input line 127.
LaTeX Font Info:    Checking defaults for OT1/cmr/m/n on input line 127.
LaTeX Font Info:    ... okay on input line 127.
LaTeX Font Info:    Checking defaults for OMS/cmsy/m/n on input line 127.
LaTeX Font Info:    ... okay on input line 127.
LaTeX Font Info:    Checking defaults for OMX/cmex/m/n on input line 127.
LaTeX Font Info:    ... okay on input line 127.
LaTeX Font Info:    Checking defaults for U/cmr/m/n on input line 127.
LaTeX Font Info:    ... okay on input line 127.
LaTeX Font Info:    Checking defaults for TS1/cmr/m/n on input line 127.
LaTeX Font Info:    Try loading font information for TS1+cmr on input line 127.


("C:\Program Files\MiKTeX 2.9\tex\latex\base\ts1cmr.fd"
File: ts1cmr.fd 1999/05/25 v2.5h Standard LaTeX font definitions
)
LaTeX Font Info:    ... okay on input line 127.
LaTeX Font Info:    Try loading font information for OT1+ppl on input line 127.


("C:\Program Files\MiKTeX 2.9\tex\latex\psnfss\ot1ppl.fd"
File: ot1ppl.fd 2001/06/04 font definitions for OT1/ppl.
)
(C:\Users\cmcerlean\AppData\Roaming\MiKTeX\2.9\tex\context\base\supp-pdf.mkii
[Loading MPS to PDF converter (version 2006.09.02).]
\scratchcounter=\count110
\scratchdimen=\dimen126
\scratchbox=\box28
\nofMPsegments=\count111
\nofMParguments=\count112
\everyMPshowfont=\toks20
\MPscratchCnt=\count113
\MPscratchDim=\dimen127
\MPnumerator=\count114
\makeMPintoPDFobject=\count115
\everyMPtoPDFconversion=\toks21
)
Package backref Info: ** backref set up for natbib ** on input line 127.
Package caption Info: Begin \AtBeginDocument code.
Package caption Info: End \AtBeginDocument code.
LaTeX Font Info:    Font shape `OT1/ppl/bx/n' in size <12> not available
(Font)              Font shape `OT1/ppl/b/n' tried instead on input line 177.


Package textcomp Warning: Oldstyle digits unavailable for family ppl.
(textcomp)                Lining digits used instead on input line 177.

[1


Non-PDF special ignored!{C:/Users/cmcerlean/AppData/Local/MiKTeX/2.9/pdftex/con
fig/pdftex.map}]
LaTeX Font Info:    Font shape `OT1/ppl/bx/n' in size <10.95> not available
(Font)              Font shape `OT1/ppl/b/n' tried instead on input line 208.


Package Fancyhdr Warning: \headheight is too small (12.0pt): 
 Make it at least 13.59999pt.
 We now make it that large for the rest of the document.
 This may cause the page layout to be inconsistent, however.

[2]
LaTeX Font Info:    Font shape `OT1/ppl/bx/n' in size <24.88> not available
(Font)              Font shape `OT1/ppl/b/n' tried instead on input line 208.
 ("C:\Users\cmcerlean\Documents\Thesis\Custom layout\Custom Thesis.toc"
LaTeX Font Info:    Try loading font information for U+msa on input line 3.

("C:\Program Files\MiKTeX 2.9\tex\latex\amsfonts\umsa.fd"
File: umsa.fd 2009/06/22 v3.00 AMS symbols A
)
LaTeX Font Info:    Try loading font information for U+msb on input line 3.

("C:\Program Files\MiKTeX 2.9\tex\latex\amsfonts\umsb.fd"
File: umsb.fd 2009/06/22 v3.00 AMS symbols B
))
\tf@toc=\write4


Package textcomp Warning: Oldstyle digits unavailable for family ppl.
(textcomp)                Lining digits used instead on input line 223.

[3

] ("C:\Users\cmcerlean\Documents\Thesis\Custom layout\Chapter1.tex"
Chapter 1.
LaTeX Font Info:    Font shape `OT1/ppl/bx/n' in size <20.74> not available
(Font)              Font shape `OT1/ppl/b/n' tried instead on input line 1.
LaTeX Font Info:    Font shape `OT1/ppl/bx/n' in size <14.4> not available
(Font)              Font shape `OT1/ppl/b/n' tried instead on input line 3.

Package natbib Warning: Citation `Padhani:2010hfa' on page 4 undefined on input
 line 6.


Overfull \hbox (12.39119pt too wide) in paragraph at lines 6--9
\OT1/ppl/m/n/10.95 Multiparametric ima-ging is very im-port-ant in can-cer ima-
ging. It al-lows the cross-correlation
 []


Package natbib Warning: Citation `ray1983laser' on page 4 undefined on input li
ne 12.


Package natbib Warning: Citation `kawata1990laser' on page 4 undefined on input
 line 12.


Package natbib Warning: Citation `Brown:1992' on page 4 undefined on input line
 13.


Package natbib Warning: Citation `Gore:1999tg' on page 4 undefined on input lin
e 16.


Package natbib Warning: Citation `Sharpe:2002jp' on page 4 undefined on input l
ine 16.


Package textcomp Warning: Oldstyle digits unavailable for family ppl.
(textcomp)                Lining digits used instead on input line 19.

[4


]

Package natbib Warning: Citation `natterer2001mathematics' on page 5 undefined 
on input line 51.

[5]

Package natbib Warning: Citation `natterer2001mathematics' on page 6 undefined 
on input line 71.

<Russ_projection.jpg, id=30, 350.81062pt x 225.09094pt>
File: Russ_projection.jpg Graphic file (type jpg)

<use Russ_projection.jpg>
Package pdftex.def Info: Russ_projection.jpg used on input line 75.
(pdftex.def)             Requested size: 210.48799pt x 135.05559pt.
LaTeX Font Info:    Font shape `OT1/ppl/bx/n' in size <9> not available
(Font)              Font shape `OT1/ppl/b/n' tried instead on input line 76.


Package natbib Warning: Citation `russ2002image' on page 6 undefined on input l
ine 76.


Package natbib Warning: Citation `russ2002image' on page 6 undefined on input l
ine 76.

<Doran_2008_sinogram.jpg, id=31, 608.2725pt x 420.82219pt>
File: Doran_2008_sinogram.jpg Graphic file (type jpg)

<use Doran_2008_sinogram.jpg>
Package pdftex.def Info: Doran_2008_sinogram.jpg used on input line 85.
(pdftex.def)             Requested size: 427.43153pt x 295.71649pt.


Package natbib Warning: Citation `Doran:2008kh' on page 6 undefined on input li
ne 86.


Package natbib Warning: Citation `Doran:2008kh' on page 6 undefined on input li
ne 86.


Package natbib Warning: Citation `Doran:2008kh' on page 6 undefined on input li
ne 119.

! Undefined control sequence.
<recently read> \nicefrac 
                          
l.124 ...function (PSF) proportional to $\nicefrac
                                                  {1}{f}$ where $f$ is the f...
The control sequence at the end of the top line
of your error message was never \def'ed. If you have
misspelled it (e.g., `\hobx'), type `I' and the correct
spelling (e.g., `I\hbox'). Otherwise just continue,
and I'll forget about whatever was undefined.


Package natbib Warning: Citation `russ2002image' on page 6 undefined on input l
ine 124.

[6]

Package natbib Warning: Citation `russ2002image' on page 7 undefined on input l
ine 136.


Package natbib Warning: Citation `Wang:2007' on page 7 undefined on input line 
138.


Package natbib Warning: Citation `hecht2002optics' on page 7 undefined on input
 line 150.

[7]

Package natbib Warning: Citation `shinya1997video' on page 8 undefined on input
 line 158.


Package natbib Warning: Citation `Walls:2007jl' on page 8 undefined on input li
ne 164.


Package natbib Warning: Citation `Fauver:2005' on page 8 undefined on input lin
e 176.


Package natbib Warning: Citation `Sharpe:2002jp' on page 8 undefined on input l
ine 176.

LaTeX Font Info:    Try loading font information for TS1+ppl on input line 193.

("C:\Program Files\MiKTeX 2.9\tex\latex\psnfss\ts1ppl.fd"
File: ts1ppl.fd 2001/06/04 font definitions for TS1/ppl.
)

Package natbib Warning: Citation `Maryanski:1996' on page 8 undefined on input 
line 193.


Package natbib Warning: Citation `Gore:1999tg' on page 8 undefined on input lin
e 193.


Package natbib Warning: Citation `Oldham:2001gs' on page 8 undefined on input l
ine 193.

[8]

Package natbib Warning: Citation `russ2002image' on page 9 undefined on input l
ine 195.


Package natbib Warning: Citation `Gore:1999tg' on page 9 undefined on input lin
e 195.


Package natbib Warning: Citation `Tarte:2006' on page 9 undefined on input line
 197.


Package natbib Warning: Citation `Kelly:1998' on page 9 undefined on input line
 197.


Package natbib Warning: Citation `Islam:2003gs' on page 9 undefined on input li
ne 203.


Package natbib Warning: Citation `Xu:2003cc' on page 9 undefined on input line 
203.


Package natbib Warning: Citation `Islam:2003gs' on page 9 undefined on input li
ne 203.


Package natbib Warning: Citation `Xu:2004iv' on page 9 undefined on input line 
203.


Package natbib Warning: Citation `Sakhalkar:2009hb' on page 9 undefined on inpu
t line 203.


Package natbib Warning: Citation `Oldham:2004cj' on page 9 undefined on input l
ine 203.


Overfull \hbox (25.05467pt too wide) in paragraph at lines 202--204
[]\OT1/ppl/m/n/10.95 A com-mer-cial laser scan-ning OptCT sys-tem, OC-TOPUS\TS1
/ppl/m/n/10.95 —\OT1/ppl/m/n/10.95 by MGS Re-search, Inc. (Madison,
 []

<Gore_setup.pdf, id=43, 483.8075pt x 323.2075pt>
File: Gore_setup.pdf Graphic file (type pdf)
 <use Gore_setup.pdf>
Package pdftex.def Info: Gore_setup.pdf used on input line 212.
(pdftex.def)             Requested size: 290.28674pt x 193.926pt.


Package natbib Warning: Citation `Gore:1999tg' on page 9 undefined on input lin
e 213.


Package natbib Warning: Citation `Gore:1999tg' on page 9 undefined on input lin
e 213.


Package natbib Warning: Citation `Gore:1999tg' on page 9 undefined on input lin
e 218.


Package natbib Warning: Citation `Doran:2001ee' on page 9 undefined on input li
ne 220.


Package natbib Warning: Citation `Krstajic:2006kna' on page 9 undefined on inpu
t line 222.

[9]

Package natbib Warning: Citation `Winfree:1996' on page 10 undefined on input l
ine 229.


Package natbib Warning: Citation `Tarte:2007' on page 10 undefined on input lin
e 230.

<Tarte_1997_ccdsetup.jpg, id=47, 744.53156pt x 312.41719pt>
File: Tarte_1997_ccdsetup.jpg Graphic file (type jpg)

<use Tarte_1997_ccdsetup.jpg>
Package pdftex.def Info: Tarte_1997_ccdsetup.jpg used on input line 235.
(pdftex.def)             Requested size: 297.80734pt x 124.96465pt.


Package natbib Warning: Citation `Tarte:2007' on page 10 undefined on input lin
e 236.


Package natbib Warning: Citation `Tarte:2007' on page 10 undefined on input lin
e 236.


Package natbib Warning: Citation `Tarte:2007' on page 10 undefined on input lin
e 241.


Package natbib Warning: Citation `Tarte:2007' on page 10 undefined on input lin
e 241.


Package natbib Warning: Citation `Doran:2008kh' on page 10 undefined on input l
ine 245.


Package natbib Warning: Citation `Tarte:2007' on page 10 undefined on input lin
e 245.


Package natbib Warning: Citation `Doran:2001ee' on page 10 undefined on input l
ine 245.


Package natbib Warning: Citation `Doran:2008kh' on page 10 undefined on input l
ine 248.


Package natbib Warning: Citation `Walls:2005ja' on page 10 undefined on input l
ine 249.


Package natbib Warning: Citation `Doran:2001ee' on page 10 undefined on input l
ine 249.


Package natbib Warning: Citation `Sakhalkar:2008exa' on page 10 undefined on in
put line 249.


Package natbib Warning: Citation `Doran:2001ee' on page 10 undefined on input l
ine 249.


Package natbib Warning: Citation `Oldham:2007ku' on page 10 undefined on input 
line 251.

<Doran_2001_ccdsetup.jpg, id=48, 541.27219pt x 328.22626pt>
File: Doran_2001_ccdsetup.jpg Graphic file (type jpg)

<use Doran_2001_ccdsetup.jpg>
Package pdftex.def Info: Doran_2001_ccdsetup.jpg used on input line 256.
(pdftex.def)             Requested size: 297.70062pt x 180.525pt.


Package natbib Warning: Citation `Doran:2001ee' on page 10 undefined on input l
ine 257.


Package natbib Warning: Citation `Doran:2001ee' on page 10 undefined on input l
ine 257.


Package natbib Warning: Citation `Doran:2001ee' on page 10 undefined on input l
ine 263.


Package natbib Warning: Citation `Krstajic:2006kna' on page 10 undefined on inp
ut line 263.


Package natbib Warning: Citation `Wolodzko:1999' on page 10 undefined on input 
line 274.


Package natbib Warning: Citation `Doran:2008kh' on page 10 undefined on input l
ine 274.


Package natbib Warning: Citation `hsieh2003computed' on page 10 undefined on in
put line 274.


Package natbib Warning: Citation `Olding:2011eta' on page 10 undefined on input
 line 274.

[10] <Wolodzko_1999_conesetup.jpg, id=52, 571.38469pt x 636.87938pt>
File: Wolodzko_1999_conesetup.jpg Graphic file (type jpg)

<use Wolodzko_1999_conesetup.jpg>
Package pdftex.def Info: Wolodzko_1999_conesetup.jpg used on input line 279.
(pdftex.def)             Requested size: 171.41672pt x 191.06528pt.


Package natbib Warning: Citation `Wolodzko:1999' on page 11 undefined on input 
line 280.


Package natbib Warning: Citation `Wolodzko:1999' on page 11 undefined on input 
line 280.


Package natbib Warning: Citation `Doran:2008kh' on page 11 undefined on input l
ine 284.


Package natbib Warning: Citation `Olding:2011eta' on page 11 undefined on input
 line 284.


Package natbib Warning: Citation `Thomas:2011eja' on page 11 undefined on input
 line 284.


Package natbib Warning: Citation `Sharpe:2002jp' on page 11 undefined on input 
line 319.


Package natbib Warning: Citation `Webb:1996' on page 11 undefined on input line
 322.


Package natbib Warning: Citation `huang1993optical' on page 11 undefined on inp
ut line 322.


Package natbib Warning: Citation `Sharpe:2003cm' on page 11 undefined on input 
line 322.


Package natbib Warning: Citation `Oldham:2007ku' on page 11 undefined on input 
line 322.


Package natbib Warning: Citation `Oldham:2007ku' on page 11 undefined on input 
line 322.


Package natbib Warning: Citation `Tuchin:2002' on page 11 undefined on input li
ne 322.


Package natbib Warning: Citation `Sharpe:2002jp' on page 11 undefined on input 
line 325.


Package natbib Warning: Citation `xia1995fourier' on page 11 undefined on input
 line 325.


Package natbib Warning: Citation `Walls:2007jl' on page 11 undefined on input l
ine 325.


Package natbib Warning: Citation `Walls:2007jl' on page 11 undefined on input l
ine 325.

[11] <Sharpe_2002_setup.jpg, id=56, 309.40594pt x 277.035pt>
File: Sharpe_2002_setup.jpg Graphic file (type jpg)

<use Sharpe_2002_setup.jpg>
Package pdftex.def Info: Sharpe_2002_setup.jpg used on input line 338.
(pdftex.def)             Requested size: 213.71576pt x 191.36148pt.

<Sharpe_2003_mouse.jpg, id=57, 361.35pt x 476.53032pt>
File: Sharpe_2003_mouse.jpg Graphic file (type jpg)

<use Sharpe_2003_mouse.jpg>
Package pdftex.def Info: Sharpe_2003_mouse.jpg used on input line 340.
(pdftex.def)             Requested size: 180.67456pt x 238.26457pt.


Package natbib Warning: Citation `Sharpe:2002jp' on page 12 undefined on input 
line 341.


Package natbib Warning: Citation `Sharpe:2003cm' on page 12 undefined on input 
line 341.


Package natbib Warning: Citation `Sharpe:2002jp' on page 12 undefined on input 
line 341.


Package natbib Warning: Citation `Sharpe:2003cm' on page 12 undefined on input 
line 341.


Package natbib Warning: Citation `Fauver:2005' on page 12 undefined on input li
ne 348.


Package natbib Warning: Citation `hausler1972method' on page 12 undefined on in
put line 348.

<Fauver_2005_setup.jpg, id=58, 377.15906pt x 277.035pt>
File: Fauver_2005_setup.jpg Graphic file (type jpg)

<use Fauver_2005_setup.jpg>
Package pdftex.def Info: Fauver_2005_setup.jpg used on input line 354.
(pdftex.def)             Requested size: 301.72766pt x 221.6283pt.


Package natbib Warning: Citation `Fauver:2005' on page 12 undefined on input li
ne 355.


Package natbib Warning: Citation `Fauver:2005' on page 12 undefined on input li
ne 355.


Package natbib Warning: Citation `Wang:2006hy' on page 12 undefined on input li
ne 360.


Package natbib Warning: Citation `Wang:2007' on page 12 undefined on input line
 360.


Package natbib Warning: Citation `Wang:2006hy' on page 12 undefined on input li
ne 360.


Package natbib Warning: Citation `Sharpe:2002jp' on page 12 undefined on input 
line 366.


Package natbib Warning: Citation `Sharpe:2002jp' on page 12 undefined on input 
line 366.


Package natbib Warning: Citation `Oldham:2007ku' on page 12 undefined on input 
line 370.


Package natbib Warning: Citation `Walls:2005ja' on page 12 undefined on input l
ine 370.

[12]

Package natbib Warning: Citation `Walls:2005ja' on page 13 undefined on input l
ine 374.


Package natbib Warning: Citation `Oldham:2006' on page 13 undefined on input li
ne 378.


Package natbib Warning: Citation `Oldham:2007ku' on page 13 undefined on input 
line 378.


Package natbib Warning: Citation `Oldham:2007ku' on page 13 undefined on input 
line 378.


Package natbib Warning: Citation `Krstajic:2006kna' on page 13 undefined on inp
ut line 378.

<Oldham_2007ku_eCTsetup.jpg, id=62, 284.56313pt x 144.54pt>
File: Oldham_2007ku_eCTsetup.jpg Graphic file (type jpg)

<use Oldham_2007ku_eCTsetup.jpg>
Package pdftex.def Info: Oldham_2007ku_eCTsetup.jpg used on input line 384.
(pdftex.def)             Requested size: 284.56242pt x 144.53963pt.


Package natbib Warning: Citation `Oldham:2007ku' on page 13 undefined on input 
line 385.


Package natbib Warning: Citation `Oldham:2007ku' on page 13 undefined on input 
line 385.


Package natbib Warning: Citation `Kim:2008eua' on page 13 undefined on input li
ne 396.


Package natbib Warning: Citation `Darrell:2008gd' on page 13 undefined on input
 line 396.


Package natbib Warning: Citation `Kim:2008eua' on page 13 undefined on input li
ne 398.


Package natbib Warning: Citation `Kim:2008eua' on page 13 undefined on input li
ne 398.


Package natbib Warning: Citation `hudson1994accelerated' on page 13 undefined o
n input line 398.


Package natbib Warning: Citation `Kim:2008eua' on page 13 undefined on input li
ne 398.


Package natbib Warning: Citation `Thomas:2010gt' on page 13 undefined on input 
line 400.

[13]

Package natbib Warning: Citation `Boot:2008dt' on page 14 undefined on input li
ne 409.


Package natbib Warning: Citation `Vinegoni:2008ix' on page 14 undefined on inpu
t line 409.


Package natbib Warning: Citation `Colas:2009' on page 14 undefined on input lin
e 409.


Package natbib Warning: Citation `Boot:2008dt' on page 14 undefined on input li
ne 409.


Package natbib Warning: Citation `Colas:2009' on page 14 undefined on input lin
e 410.


Package natbib Warning: Citation `Vinegoni:2008ix' on page 14 undefined on inpu
t line 411.


Package natbib Warning: Citation `Oldham:2006' on page 14 undefined on input li
ne 430.


Package natbib Warning: Citation `tuchin2007tissue' on page 14 undefined on inp
ut line 432.


Package natbib Warning: Citation `Oldham:2006' on page 14 undefined on input li
ne 435.


Overfull \hbox (7.65051pt too wide) in paragraph at lines 435--436
\OT1/ppl/m/n/10.95 OCA. The most com-monly used OCAs for OPT are benzyl-alcohol
-benzyl-benzoate (BABB,
 []


Package natbib Warning: Citation `Oldham:2006' on page 14 undefined on input li
ne 437.


Package natbib Warning: Citation `Wen:2009is' on page 14 undefined on input lin
e 437.


Package natbib Warning: Citation `Vargas:1999' on page 14 undefined on input li
ne 441.


Package natbib Warning: Citation `Wen:2009is' on page 14 undefined on input lin
e 441.


Package natbib Warning: Citation `Vargas:1999' on page 14 undefined on input li
ne 441.

[14]

Package natbib Warning: Citation `Choi:2005' on page 15 undefined on input line
 443.


Package natbib Warning: Citation `Mao:2008' on page 15 undefined on input line 
443.


Package natbib Warning: Citation `Yeh:2003' on page 15 undefined on input line 
443.


Package natbib Warning: Citation `Wen:2009is' on page 15 undefined on input lin
e 443.


Package natbib Warning: Citation `Sakhalkar:2007hp' on page 15 undefined on inp
ut line 448.


Package natbib Warning: Citation `Oldham:2008dfa' on page 15 undefined on input
 line 448.


Package natbib Warning: Citation `Sakhalkar:2007hp' on page 15 undefined on inp
ut line 448.


Package natbib Warning: Citation `Wen:2009is' on page 15 undefined on input lin
e 451.


Package natbib Warning: Citation `Oldham:2008dfa' on page 15 undefined on input
 line 459.


Package natbib Warning: Citation `Hanahan:2000' on page 15 undefined on input l
ine 479.


Package natbib Warning: Citation `Doubrovin:2001' on page 15 undefined on input
 line 479.

[15]

Package natbib Warning: Citation `Blasberg:2003' on page 16 undefined on input 
line 481.

<Padhani_2010_hallmarks.jpg, id=73, 632.3625pt x 442.65375pt>
File: Padhani_2010_hallmarks.jpg Graphic file (type jpg)

<use Padhani_2010_hallmarks.jpg>
Package pdftex.def Info: Padhani_2010_hallmarks.jpg used on input line 491.
(pdftex.def)             Requested size: 379.42043pt x 265.59428pt.


Package natbib Warning: Citation `Padhani:2010hfa' on page 16 undefined on inpu
t line 492.


Package natbib Warning: Citation `Padhani:2010hfa' on page 16 undefined on inpu
t line 492.


Package natbib Warning: Citation `Hoffman:2005' on page 16 undefined on input l
ine 497.


Package natbib Warning: Citation `Hoffman:2009' on page 16 undefined on input l
ine 497.


Package natbib Warning: Citation `Gross:2005' on page 16 undefined on input lin
e 498.


Package natbib Warning: Citation `Hoffman:2005' on page 16 undefined on input l
ine 501.


Package natbib Warning: Citation `Hoffman:2009' on page 16 undefined on input l
ine 501.


Package natbib Warning: Citation `Hoffman:2005' on page 16 undefined on input l
ine 501.


Package natbib Warning: Citation `Hoffman:2009' on page 16 undefined on input l
ine 503.


Package natbib Warning: Citation `Shcherbo:2007' on page 16 undefined on input 
line 503.


Package natbib Warning: Citation `Varia:1998' on page 16 undefined on input lin
e 507.

[16]

Package natbib Warning: Citation `Soufan:2003cd' on page 17 undefined on input 
line 512.


Package natbib Warning: Citation `Kim:2008eua' on page 17 undefined on input li
ne 517.


Package natbib Warning: Citation `Oldham:2007ku' on page 17 undefined on input 
line 526.


Package natbib Warning: Citation `Oldham:2006' on page 17 undefined on input li
ne 526.

<Oldham_2006_tumourstaining.jpg, id=77, 393.72093pt x 137.7647pt>
File: Oldham_2006_tumourstaining.jpg Graphic file (type jpg)

<use Oldham_2006_tumourstaining.jpg>
Package pdftex.def Info: Oldham_2006_tumourstaining.jpg used on input line 532.

(pdftex.def)             Requested size: 393.71997pt x 137.76434pt.


Package natbib Warning: Citation `Oldham:2006' on page 17 undefined on input li
ne 533.


Package natbib Warning: Citation `Oldham:2006' on page 17 undefined on input li
ne 533.

[17]

Package natbib Warning: Citation `Bassi:2010' on page 18 undefined on input lin
e 544.


Package natbib Warning: Citation `McGinty:2008ix' on page 18 undefined on input
 line 547.


Package natbib Warning: Citation `McGinty:2011vm' on page 18 undefined on input
 line 547.


Package natbib Warning: Citation `McGinty:2011vm' on page 18 undefined on input
 line 547.


Package natbib Warning: Citation `Hornblad:2011fh' on page 18 undefined on inpu
t line 549.


Package natbib Warning: Citation `Chen:2012' on page 18 undefined on input line
 550.


Package natbib Warning: Citation `Peng:2012wi' on page 18 undefined on input li
ne 551.


Package natbib Warning: Citation `Lorbeer:2011' on page 18 undefined on input l
ine 553.

) [18] [19 <C:/Users/cmcerlean/Documents/Thesis/Custom layout/Russ_projection.j
pg> <C:/Users/cmcerlean/Documents/Thesis/Custom layout/Doran_2008_sinogram.jpg>
] [20 <C:/Users/cmcerlean/Documents/Thesis/Custom layout/Gore_setup.pdf> <C:/Us
ers/cmcerlean/Documents/Thesis/Custom layout/Tarte_1997_ccdsetup.jpg> <C:/Users
/cmcerlean/Documents/Thesis/Custom layout/Doran_2001_ccdsetup.jpg>] [21 <C:/Use
rs/cmcerlean/Documents/Thesis/Custom layout/Wolodzko_1999_conesetup.jpg> <C:/Us
ers/cmcerlean/Documents/Thesis/Custom layout/Sharpe_2002_setup.jpg> <C:/Users/c
mcerlean/Documents/Thesis/Custom layout/Sharpe_2003_mouse.jpg>] [22 <C:/Users/c
mcerlean/Documents/Thesis/Custom layout/Fauver_2005_setup.jpg> <C:/Users/cmcerl
ean/Documents/Thesis/Custom layout/Oldham_2007ku_eCTsetup.jpg>] [23 <C:/Users/c
mcerlean/Documents/Thesis/Custom layout/Padhani_2010_hallmarks.jpg> <C:/Users/c
mcerlean/Documents/Thesis/Custom layout/Oldham_2006_tumourstaining.jpg>]

Package natbib Warning: There were undefined citations.

Package atveryend Info: Empty hook `BeforeClearDocument' on input line 229.
Package atveryend Info: Empty hook `AfterLastShipout' on input line 229.
("C:\Users\cmcerlean\Documents\Thesis\Custom layout\Custom Thesis.aux"
("C:\Users\cmcerlean\Documents\Thesis\Custom layout\Chapter1.aux"))
Package atveryend Info: Empty hook `AtVeryEndDocument' on input line 229.
Package atveryend Info: Empty hook `AtEndAfterFileList' on input line 229.
Package atveryend Info: Empty hook `AtVeryVeryEnd' on input line 229.
 ) 
Here is how much of TeX's memory you used:
 5626 strings out of 494045
 82016 string characters out of 3148375
 149535 words of memory out of 3000000
 8772 multiletter control sequences out of 15000+200000
 27146 words of font info for 75 fonts, out of 3000000 for 9000
 715 hyphenation exceptions out of 8191
 42i,11n,43p,1233b,379s stack positions out of 5000i,500n,10000p,200000b,50000s
{C:/Program Files/MiKTeX 2.9/fonts/enc/dvips/fontname/8r.enc}<C:/Program File
s/MiKTeX 2.9/fonts/type1/public/amsfonts/cm/cmex10.pfb><C:/Program Files/MiKTeX
 2.9/fonts/type1/public/amsfonts/cmextra/cmex8.pfb><C:/Program Files/MiKTeX 2.9
/fonts/type1/public/amsfonts/cm/cmmi10.pfb><C:/Program Files/MiKTeX 2.9/fonts/t
ype1/public/amsfonts/cm/cmmi6.pfb><C:/Program Files/MiKTeX 2.9/fonts/type1/publ
ic/amsfonts/cm/cmmi8.pfb><C:/Program Files/MiKTeX 2.9/fonts/type1/public/amsfon
ts/cm/cmmi9.pfb><C:/Program Files/MiKTeX 2.9/fonts/type1/public/amsfonts/cm/cmr
10.pfb><C:/Program Files/MiKTeX 2.9/fonts/type1/public/amsfonts/cm/cmr6.pfb><C:
/Program Files/MiKTeX 2.9/fonts/type1/public/amsfonts/cm/cmr8.pfb><C:/Program F
iles/MiKTeX 2.9/fonts/type1/public/amsfonts/cm/cmr9.pfb><C:/Program Files/MiKTe
X 2.9/fonts/type1/public/amsfonts/cm/cmsy10.pfb><C:/Program Files/MiKTeX 2.9/fo
nts/type1/public/amsfonts/cm/cmsy6.pfb><C:/Program Files/MiKTeX 2.9/fonts/type1
/public/amsfonts/cm/cmsy8.pfb><C:/Program Files/MiKTeX 2.9/fonts/type1/urw/pala
tino/uplb8a.pfb><C:/Program Files/MiKTeX 2.9/fonts/type1/urw/palatino/uplr8a.pf
b><C:/Program Files/MiKTeX 2.9/fonts/type1/urw/palatino/uplri8a.pfb>
Output written on "Custom Thesis.pdf" (23 pages, 909243 bytes).
PDF statistics:
 163 PDF objects out of 1000 (max. 8388607)
 0 named destinations out of 1000 (max. 500000)
 61 words of extra memory for PDF output out of 10000 (max. 10000000)

