This is pdfTeX, Version 3.1415926-2.3-1.40.12 (MiKTeX 2.9 64-bit) (preloaded format=pdflatex 2013.1.17)  12 OCT 2015 11:56
entering extended mode
**Master_thesis.tex
("C:\Users\cmcerlean\Documents\Thesis\Full thesis\Master_thesis.tex"
LaTeX2e <2011/06/27>
Babel <v3.8m> and hyphenation patterns for english, afrikaans, ancientgreek, ar
abic, armenian, assamese, basque, bengali, bokmal, bulgarian, catalan, coptic, 
croatian, czech, danish, dutch, esperanto, estonian, farsi, finnish, french, ga
lician, german, german-x-2009-06-19, greek, gujarati, hindi, hungarian, iceland
ic, indonesian, interlingua, irish, italian, kannada, kurmanji, lao, latin, lat
vian, lithuanian, malayalam, marathi, mongolian, mongolianlmc, monogreek, ngerm
an, ngerman-x-2009-06-19, nynorsk, oriya, panjabi, pinyin, polish, portuguese, 
romanian, russian, sanskrit, serbian, slovak, slovenian, spanish, swedish, swis
sgerman, tamil, telugu, turkish, turkmen, ukenglish, ukrainian, uppersorbian, u
senglishmax, welsh, loaded.

(C:\Users\cmcerlean\AppData\Roaming\MiKTeX\2.9\tex\latex\koma-script\scrbook.cl
s
Document Class: scrbook 2015/07/02 v3.18 KOMA-Script document class (book)

(C:\Users\cmcerlean\AppData\Roaming\MiKTeX\2.9\tex\latex\koma-script\scrkbase.s
ty
Package: scrkbase 2015/07/02 v3.18 KOMA-Script package (KOMA-Script-dependent b
asics and keyval usage)

(C:\Users\cmcerlean\AppData\Roaming\MiKTeX\2.9\tex\latex\koma-script\scrbase.st
y
Package: scrbase 2015/07/02 v3.18 KOMA-Script package (KOMA-Script-independent 
basics and keyval usage)
 ("C:\Program Files\MiKTeX 2.9\tex\latex\graphics\keyval.sty"
Package: keyval 1999/03/16 v1.13 key=value parser (DPC)
\KV@toks@=\toks14
)
(C:\Users\cmcerlean\AppData\Roaming\MiKTeX\2.9\tex\latex\koma-script\scrlfile.s
ty
Package: scrlfile 2015/07/02 v3.18 KOMA-Script package (loading files)

Package scrlfile, 2015/07/02 v3.18 KOMA-Script package (loading files)
                  Copyright (C) Markus Kohm

)))
(C:\Users\cmcerlean\AppData\Roaming\MiKTeX\2.9\tex\latex\koma-script\tocbasic.s
ty
Package: tocbasic 2015/07/02 v3.18 KOMA-Script package (handling toc-files)
)
Package tocbasic Info: omitting babel extension for `toc'
(tocbasic)             because of feature `nobabel' available
(tocbasic)             for `toc' on input line 125.
Package tocbasic Info: omitting babel extension for `lof'
(tocbasic)             because of feature `nobabel' available
(tocbasic)             for `lof' on input line 126.
Package tocbasic Info: omitting babel extension for `lot'
(tocbasic)             because of feature `nobabel' available
(tocbasic)             for `lot' on input line 127.
Package tocbasic Info: defining new hook before heading of `' on input line 157
8.
Class scrbook Info: You've used standard option `oneside'.
(scrbook)           This is correct!
(scrbook)           Internally I'm using `twoside=false'.
(scrbook)           If you'd like to set the option with \KOMAoptions,
(scrbook)           you'd have to use `twoside=false' there
(scrbook)           instead of `oneside', too.
Package scrbook Info: You've used standard option `12pt'.
(scrbook)             This is correct!
(scrbook)             Internally I'm using `fontsize=12pt'.
(scrbook)             If you'd like to set the option with \KOMAoptions,
(scrbook)             you'd have to use `fontsize=12pt' there
(scrbook)             instead of `12pt', too.
Class scrbook Info: File `scrsize12pt.clo' used to setup font sizes on input li
ne 2245.

(C:\Users\cmcerlean\AppData\Roaming\MiKTeX\2.9\tex\latex\koma-script\scrsize12p
t.clo
File: scrsize12pt.clo 2015/07/02 v3.18 KOMA-Script font size class option (12pt
)
)
(C:\Users\cmcerlean\AppData\Roaming\MiKTeX\2.9\tex\latex\koma-script\typearea.s
ty
Package: typearea 2015/07/02 v3.18 KOMA-Script package (type area)

Package typearea, 2015/07/02 v3.18 KOMA-Script package (type area)
                  Copyright (C) Frank Neukam, 1992-1994
                  Copyright (C) Markus Kohm, 1994-

\ta@bcor=\skip41
\ta@div=\count79
Package typearea Info: You've used standard option `oneside'.
(typearea)             This is correct!
(typearea)             Internally I'm using `twoside=false'.
(typearea)             If you'd like to set the option with \KOMAoptions,
(typearea)             you'd have to use `twoside=false' there
(typearea)             instead of `oneside', too.
\ta@hblk=\skip42
\ta@vblk=\skip43
\ta@temp=\skip44
\footheight=\skip45
Package typearea Info: These are the values describing the layout:
(typearea)             DIV  = 12
(typearea)             BCOR = 0.0pt
(typearea)             \paperwidth      = 597.50793pt
(typearea)              \textwidth      = 448.13095pt
(typearea)              DIV departure   = -6%
(typearea)              \evensidemargin = 2.4185pt
(typearea)              \oddsidemargin  = 2.4185pt
(typearea)             \paperheight     = 845.04694pt
(typearea)              \textheight     = 635.5pt
(typearea)              \topmargin      = -41.72441pt
(typearea)              \headheight     = 18.125pt
(typearea)              \headsep        = 21.75pt
(typearea)              \topskip        = 12.0pt
(typearea)              \footskip       = 50.75pt
(typearea)              \baselineskip   = 14.5pt
(typearea)              on input line 1506.
)
\c@part=\count80
\c@chapter=\count81
\c@section=\count82
\c@subsection=\count83
\c@subsubsection=\count84
\c@paragraph=\count85
\c@subparagraph=\count86
\abovecaptionskip=\skip46
\belowcaptionskip=\skip47
\c@pti@nb@sid@b@x=\box26
\c@figure=\count87
\c@table=\count88
\bibindent=\dimen102
)
(C:\Users\cmcerlean\AppData\Roaming\MiKTeX\2.9\tex\latex\koma-script\scrpage2.s
ty
Package: scrpage2 2015/07/02 v3.18 KOMA-Script package (page head and foot)
LaTeX Info: Redefining \pagemark on input line 174.
) ("C:\Program Files\MiKTeX 2.9\tex\latex\graphics\graphicx.sty"
Package: graphicx 1999/02/16 v1.0f Enhanced LaTeX Graphics (DPC,SPQR)

("C:\Program Files\MiKTeX 2.9\tex\latex\graphics\graphics.sty"
Package: graphics 2009/02/05 v1.0o Standard LaTeX Graphics (DPC,SPQR)

("C:\Program Files\MiKTeX 2.9\tex\latex\graphics\trig.sty"
Package: trig 1999/03/16 v1.09 sin cos tan (DPC)
)
("C:\Program Files\MiKTeX 2.9\tex\latex\00miktex\graphics.cfg"
File: graphics.cfg 2007/01/18 v1.5 graphics configuration of teTeX/TeXLive
)
Package graphics Info: Driver file: pdftex.def on input line 91.

("C:\Program Files\MiKTeX 2.9\tex\latex\pdftex-def\pdftex.def"
File: pdftex.def 2011/05/27 v0.06d Graphics/color for pdfTeX

("C:\Program Files\MiKTeX 2.9\tex\generic\oberdiek\infwarerr.sty"
Package: infwarerr 2010/04/08 v1.3 Providing info/warning/error messages (HO)
)
("C:\Program Files\MiKTeX 2.9\tex\generic\oberdiek\ltxcmds.sty"
Package: ltxcmds 2011/11/09 v1.22 LaTeX kernel commands for general use (HO)
)
\Gread@gobject=\count89
))
\Gin@req@height=\dimen103
\Gin@req@width=\dimen104
)
("C:\Program Files\MiKTeX 2.9\tex\latex\jknappen\mathrsfs.sty"
Package: mathrsfs 1996/01/01 Math RSFS package v1.0 (jk)
\symrsfs=\mathgroup4
)
(C:\Users\cmcerlean\AppData\Roaming\MiKTeX\2.9\tex\latex\units\nicefrac.sty
Package: nicefrac 1998/08/04 v0.9b Nice fractions
\L@UnitsRaiseDisplaystyle=\skip48
\L@UnitsRaiseTextstyle=\skip49
\L@UnitsRaiseScriptstyle=\skip50

("C:\Program Files\MiKTeX 2.9\tex\latex\base\ifthen.sty"
Package: ifthen 2001/05/26 v1.1c Standard LaTeX ifthen package (DPC)
))
("C:\Program Files\MiKTeX 2.9\tex\latex\ams\math\amsmath.sty"
Package: amsmath 2000/07/18 v2.13 AMS math features
\@mathmargin=\skip51

For additional information on amsmath, use the `?' option.
("C:\Program Files\MiKTeX 2.9\tex\latex\ams\math\amstext.sty"
Package: amstext 2000/06/29 v2.01

("C:\Program Files\MiKTeX 2.9\tex\latex\ams\math\amsgen.sty"
File: amsgen.sty 1999/11/30 v2.0
\@emptytoks=\toks15
\ex@=\dimen105
))
("C:\Program Files\MiKTeX 2.9\tex\latex\ams\math\amsbsy.sty"
Package: amsbsy 1999/11/29 v1.2d
\pmbraise@=\dimen106
)
("C:\Program Files\MiKTeX 2.9\tex\latex\ams\math\amsopn.sty"
Package: amsopn 1999/12/14 v2.01 operator names
)
\inf@bad=\count90
LaTeX Info: Redefining \frac on input line 211.
\uproot@=\count91
\leftroot@=\count92
LaTeX Info: Redefining \overline on input line 307.
\classnum@=\count93
\DOTSCASE@=\count94
LaTeX Info: Redefining \ldots on input line 379.
LaTeX Info: Redefining \dots on input line 382.
LaTeX Info: Redefining \cdots on input line 467.
\Mathstrutbox@=\box27
\strutbox@=\box28
\big@size=\dimen107
LaTeX Font Info:    Redeclaring font encoding OML on input line 567.
LaTeX Font Info:    Redeclaring font encoding OMS on input line 568.
\macc@depth=\count95
\c@MaxMatrixCols=\count96
\dotsspace@=\muskip10
\c@parentequation=\count97
\dspbrk@lvl=\count98
\tag@help=\toks16
\row@=\count99
\column@=\count100
\maxfields@=\count101
\andhelp@=\toks17
\eqnshift@=\dimen108
\alignsep@=\dimen109
\tagshift@=\dimen110
\tagwidth@=\dimen111
\totwidth@=\dimen112
\lineht@=\dimen113
\@envbody=\toks18
\multlinegap=\skip52
\multlinetaggap=\skip53
\mathdisplay@stack=\toks19
LaTeX Info: Redefining \[ on input line 2666.
LaTeX Info: Redefining \] on input line 2667.
)
("C:\Program Files\MiKTeX 2.9\tex\latex\amsfonts\amssymb.sty"
Package: amssymb 2009/06/22 v3.00

("C:\Program Files\MiKTeX 2.9\tex\latex\amsfonts\amsfonts.sty"
Package: amsfonts 2009/06/22 v3.00 Basic AMSFonts support
\symAMSa=\mathgroup5
\symAMSb=\mathgroup6
LaTeX Font Info:    Overwriting math alphabet `\mathfrak' in version `bold'
(Font)                  U/euf/m/n --> U/euf/b/n on input line 96.
))
("C:\Program Files\MiKTeX 2.9\tex\latex\tools\array.sty"
Package: array 2008/09/09 v2.4c Tabular extension package (FMi)
\col@sep=\dimen114
\extrarowheight=\dimen115
\NC@list=\toks20
\extratabsurround=\skip54
\backup@length=\skip55
)
(C:\Users\cmcerlean\AppData\Roaming\MiKTeX\2.9\tex\latex\cite\cite.sty
LaTeX Info: Redefining \cite on input line 302.
LaTeX Info: Redefining \nocite on input line 373.
Package: cite 2010/09/10  v 5.3
)
("C:\Program Files\MiKTeX 2.9\tex\latex\float\float.sty"
Package: float 2001/11/08 v1.3d Float enhancements (AL)
\c@float@type=\count102
\float@exts=\toks21
\float@box=\box29
\@float@everytoks=\toks22
\@floatcapt=\box30
)
("C:\Program Files\MiKTeX 2.9\tex\latex\geometry\geometry.sty"
Package: geometry 2010/09/12 v5.6 Page Geometry

("C:\Program Files\MiKTeX 2.9\tex\generic\oberdiek\ifpdf.sty"
Package: ifpdf 2011/01/30 v2.3 Provides the ifpdf switch (HO)
Package ifpdf Info: pdfTeX in PDF mode is detected.
)
("C:\Program Files\MiKTeX 2.9\tex\generic\oberdiek\ifvtex.sty"
Package: ifvtex 2010/03/01 v1.5 Detect VTeX and its facilities (HO)
Package ifvtex Info: VTeX not detected.
)
("C:\Program Files\MiKTeX 2.9\tex\generic\ifxetex\ifxetex.sty"
Package: ifxetex 2010/09/12 v0.6 Provides ifxetex conditional
)
\Gm@cnth=\count103
\Gm@cntv=\count104
\c@Gm@tempcnt=\count105
\Gm@bindingoffset=\dimen116
\Gm@wd@mp=\dimen117
\Gm@odd@mp=\dimen118
\Gm@even@mp=\dimen119
\Gm@layoutwidth=\dimen120
\Gm@layoutheight=\dimen121
\Gm@layouthoffset=\dimen122
\Gm@layoutvoffset=\dimen123
\Gm@dimlist=\toks23

("C:\Program Files\MiKTeX 2.9\tex\latex\geometry\geometry.cfg"))
(C:\Users\cmcerlean\AppData\Roaming\MiKTeX\2.9\tex\latex\datetime\datetime.sty
Package: datetime 2015/03/20 v2.60 Date Time Package

(C:\Users\cmcerlean\AppData\Roaming\MiKTeX\2.9\tex\latex\etoolbox\etoolbox.sty
Package: etoolbox 2015/08/02 v2.2a e-TeX tools for LaTeX (JAW)

("C:\Program Files\MiKTeX 2.9\tex\latex\misc\etex.sty"
Package: etex 1998/03/26 v2.0 eTeX basic definition package (PEB)
\et@xins=\count106
)
\etb@tempcnta=\count107
)
(C:\Users\cmcerlean\AppData\Roaming\MiKTeX\2.9\tex\latex\fmtcount\fmtcount.sty
Package: fmtcount 2015/05/05 v3.01

("C:\Program Files\MiKTeX 2.9\tex\latex\xkeyval\xkeyval.sty"
Package: xkeyval 2008/08/13 v2.6a package option processing (HA)

("C:\Program Files\MiKTeX 2.9\tex\generic\xkeyval\xkeyval.tex"
\XKV@toks=\toks24
\XKV@tempa@toks=\toks25
\XKV@depth=\count108
File: xkeyval.tex 2008/08/13 v2.6a key=value parser (HA)
))
(C:\Users\cmcerlean\AppData\Roaming\MiKTeX\2.9\tex\latex\fmtcount\fcprefix.sty
Package: fcprefix 2012/09/28

(C:\Users\cmcerlean\AppData\Roaming\MiKTeX\2.9\tex\latex\fmtcount\fcnumparser.s
ty
Package: fcnumparser 2012/09/28
\fc@digit@counter=\count109
))
\c@padzeroesN=\count110
\fc@tmpcatcode=\count111
\@DT@modctr=\count112
\@ordinalctr=\count113
\@orgargctr=\count114
\@strctr=\count115
\@tmpstrctr=\count116
\@DT@loopN=\count117
\@DT@X=\count118

(C:\Users\cmcerlean\AppData\Roaming\MiKTeX\2.9\tex\latex\fmtcount\fc-english.de
f
File: fc-english.def 2013/08/17
))
(C:\Users\cmcerlean\AppData\Roaming\MiKTeX\2.9\tex\latex\datetime\datetime-defa
ults.sty
Package: datetime-defaults 2013/09/10
)
\@day=\count119
\@month=\count120
\@year=\count121
\c@HOUR=\count122
\c@HOURXII=\count123
\c@MINUTE=\count124
\c@TOHOUR=\count125
\c@TOMINUTE=\count126
\c@SECOND=\count127
\currenthour=\count128
\currentminute=\count129
\currentsecond=\count130
Package datetime Info: No datetime.cfg file found, using default settings on in
put line 308.
\@dtctr=\count131
\dayofyear=\count132
\dayofweek=\count133
LaTeX Info: Redefining \today on input line 736.
\dt@a=\toks26
\dt@b=\toks27
)
(C:\Users\cmcerlean\AppData\Roaming\MiKTeX\2.9\tex\latex\sidecap\sidecap.sty
Package: sidecap 2003/06/06 v1.6f SideCap Package (RN/HjG)
\SC@BOXWD=\dimen124
\SC@CAPWD=\dimen125
\SC@tempdima=\dimen126
\SC@tempdimb=\dimen127
\c@SC@C=\count134
\SC@BOX=\box31
)
("C:\Program Files\MiKTeX 2.9\tex\latex\tools\afterpage.sty"
Package: afterpage 1995/10/27 v1.08 After-Page Package (DPC)
\AP@output=\toks28
\AP@partial=\box32
\AP@footins=\box33
)
(C:\Users\cmcerlean\AppData\Roaming\MiKTeX\2.9\tex\latex\subfigure\subfigure.st
y
Package: subfigure 2002/07/30 v2.1.4 subfigure package
\subfigtopskip=\skip56
\subfigcapskip=\skip57
\subfigcaptopadj=\dimen128
\subfigbottomskip=\skip58
\subfigcapmargin=\dimen129
\subfiglabelskip=\skip59
\c@subfigure=\count135
\c@lofdepth=\count136
\c@subtable=\count137
\c@lotdepth=\count138

****************************************
* Local config file subfigure.cfg used *
****************************************

(C:\Users\cmcerlean\AppData\Roaming\MiKTeX\2.9\tex\latex\subfigure\subfigure.cf
g)
\subfig@top=\skip60
\subfig@bottom=\skip61
)
(C:\Users\cmcerlean\AppData\Roaming\MiKTeX\2.9\tex\latex\caption\caption.sty
Package: caption 2013/01/06 v3.3 Customizing captions (AR)

(C:\Users\cmcerlean\AppData\Roaming\MiKTeX\2.9\tex\latex\caption\caption3.sty
Package: caption3 2013/01/06 v1.5 caption3 kernel (AR)
\captionmargin=\dimen130
\captionmargin@=\dimen131
\captionwidth=\dimen132
\caption@tempdima=\dimen133
\caption@indent=\dimen134
\caption@parindent=\dimen135
\caption@hangindent=\dimen136
)
Package caption Info: KOMA-Script document class.
\c@ContinuedFloat=\count139
Package caption Info: float package is loaded.
Package caption Info: sidecap package is loaded.
Package caption Info: subfigure package is loaded.
) (C:\Users\cmcerlean\AppData\Roaming\MiKTeX\2.9\tex\latex\setspace\setspace.st
y
Package: setspace 2011/12/19 v6.7a set line spacing
) ("C:\Users\cmcerlean\Documents\Thesis\Full thesis\Master_thesis.aux"
("C:\Users\cmcerlean\Documents\Thesis\Full thesis\intro.aux")
("C:\Users\cmcerlean\Documents\Thesis\Full thesis\methods.aux")
("C:\Users\cmcerlean\Documents\Thesis\Full thesis\mrt.aux")
("C:\Users\cmcerlean\Documents\Thesis\Full thesis\spleen.aux")
("C:\Users\cmcerlean\Documents\Thesis\Full thesis\vascular.aux")
("C:\Users\cmcerlean\Documents\Thesis\Full thesis\conclusions.aux"))
LaTeX Font Info:    Checking defaults for OML/cmm/m/it on input line 41.
LaTeX Font Info:    ... okay on input line 41.
LaTeX Font Info:    Checking defaults for T1/cmr/m/n on input line 41.
LaTeX Font Info:    ... okay on input line 41.
LaTeX Font Info:    Checking defaults for OT1/cmr/m/n on input line 41.
LaTeX Font Info:    ... okay on input line 41.
LaTeX Font Info:    Checking defaults for OMS/cmsy/m/n on input line 41.
LaTeX Font Info:    ... okay on input line 41.
LaTeX Font Info:    Checking defaults for OMX/cmex/m/n on input line 41.
LaTeX Font Info:    ... okay on input line 41.
LaTeX Font Info:    Checking defaults for U/cmr/m/n on input line 41.
LaTeX Font Info:    ... okay on input line 41.


Package scrpage2 Warning: seems you are using a very small headheight.
(scrpage2)                If you get overfull \vbox warnings at almost every
(scrpage2)                page, you should increase headheight e.g. writing
(scrpage2)                 \setlength{\headheight}{1.1\baselineskip}
(scrpage2)                into the preamble of your document.
(scrpage2)                A better solution would be to use typearea package.

(C:\Users\cmcerlean\AppData\Roaming\MiKTeX\2.9\tex\context\base\supp-pdf.mkii
[Loading MPS to PDF converter (version 2006.09.02).]
\scratchcounter=\count140
\scratchdimen=\dimen137
\scratchbox=\box34
\nofMPsegments=\count141
\nofMParguments=\count142
\everyMPshowfont=\toks29
\MPscratchCnt=\count143
\MPscratchDim=\dimen138
\MPnumerator=\count144
\makeMPintoPDFobject=\count145
\everyMPtoPDFconversion=\toks30
)
*geometry* driver: auto-detecting
*geometry* detected driver: pdftex
*geometry* verbose mode - [ preamble ] result:
* driver: pdftex
* paper: a4paper
* layout: <same size as paper>
* layoutoffset:(h,v)=(0.0pt,0.0pt)
* modes: 
* h-part:(L,W,R)=(113.81102pt, 412.56497pt, 71.13188pt)
* v-part:(T,H,B)=(71.13188pt, 702.78308pt, 71.13188pt)
* \paperwidth=597.50787pt
* \paperheight=845.04684pt
* \textwidth=412.56497pt
* \textheight=702.78308pt
* \oddsidemargin=41.54103pt
* \evensidemargin=41.54103pt
* \topmargin=-41.0131pt
* \headheight=18.125pt
* \headsep=21.75pt
* \topskip=12.0pt
* \footskip=50.75pt
* \marginparwidth=49.79233pt
* \marginparsep=12.8401pt
* \columnsep=10.0pt
* \skip\footins=10.8pt plus 4.0pt minus 2.0pt
* \hoffset=0.0pt
* \voffset=0.0pt
* \mag=1000
* \@twocolumnfalse
* \@twosidefalse
* \@mparswitchfalse
* \@reversemarginfalse
* (1in=72.27pt=25.4mm, 1cm=28.453pt)

(C:\Users\cmcerlean\AppData\Roaming\MiKTeX\2.9\tex\latex\ms\ragged2e.sty
Package: ragged2e 2009/05/21 v2.1 ragged2e Package (MS)

(C:\Users\cmcerlean\AppData\Roaming\MiKTeX\2.9\tex\latex\ms\everysel.sty
Package: everysel 2011/10/28 v1.2 EverySelectfont Package (MS)

ABD: EverySelectfont initializing macros
LaTeX Info: Redefining \selectfont on input line 126.
)
\CenteringLeftskip=\skip62
\RaggedLeftLeftskip=\skip63
\RaggedRightLeftskip=\skip64
\CenteringRightskip=\skip65
\RaggedLeftRightskip=\skip66
\RaggedRightRightskip=\skip67
\CenteringParfillskip=\skip68
\RaggedLeftParfillskip=\skip69
\RaggedRightParfillskip=\skip70
\JustifyingParfillskip=\skip71
\CenteringParindent=\skip72
\RaggedLeftParindent=\skip73
\RaggedRightParindent=\skip74
\JustifyingParindent=\skip75
)
Package caption Info: Begin \AtBeginDocument code.
Package caption Info: End \AtBeginDocument code.

("C:\Users\cmcerlean\Documents\Thesis\Full thesis\methods.tex"
chapter 2.

Class scrbook Warning: \float@addtolists detected!
(scrbook)              Implementation of \float@addtolist became
(scrbook)              deprecated in KOMA-Script v3.01 2008/11/14 and
(scrbook)              has been replaced by several more flexible
(scrbook)              features of package `tocbasic`.
(scrbook)              Since Version 3.12 support for deprecated
(scrbook)              \float@addtolist interface has been
(scrbook)              restricted to only some of the KOMA-Script
(scrbook)              features and been removed from others.
(scrbook)              Loading of package `scrhack' may help to
(scrbook)              avoid this warning, if you are using a
(scrbook)              a package that still implements the
(scrbook)              deprecated \float@addtolist interface .

LaTeX Font Info:    Try loading font information for U+rsfs on input line 9.
("C:\Program Files\MiKTeX 2.9\tex\latex\jknappen\ursfs.fd"
File: ursfs.fd 1998/03/24 rsfs font definition file (jk)
)
LaTeX Font Info:    Try loading font information for U+msa on input line 9.

("C:\Program Files\MiKTeX 2.9\tex\latex\amsfonts\umsa.fd"
File: umsa.fd 2009/06/22 v3.00 AMS symbols A
)
LaTeX Font Info:    Try loading font information for U+msb on input line 9.

("C:\Program Files\MiKTeX 2.9\tex\latex\amsfonts\umsb.fd"
File: umsb.fd 2009/06/22 v3.00 AMS symbols B
)
Overfull \hbox (1.38083pt too wide) in paragraph at lines 8--11
\OT1/cmr/m/n/12 (PHLOX-LEDR-BL-100x100-S-Q-1R-24V, Phlox, Aix-en-Provence, Fran
ce), with
 []


Overfull \hbox (29.55583pt too wide) in paragraph at lines 8--11
\OT1/cmr/m/n/12 a wave-length of 633nm pro-vides uni-form light-ing ap-pro-pri-
ate for imag-ing PRESAGE$[]$,
 []

<meth_img/setup_diagram.png, id=1, 719.8092pt x 455.7828pt>
File: meth_img/setup_diagram.png Graphic file (type png)

<use meth_img/setup_diagram.png>
Package pdftex.def Info: meth_img/setup_diagram.png used on input line 15.
(pdftex.def)             Requested size: 412.56497pt x 261.23851pt.

<meth_img/Tidy_setup.png, id=3, 724.6272pt x 542.9886pt>
File: meth_img/Tidy_setup.png Graphic file (type png)

<use meth_img/Tidy_setup.png>
Package pdftex.def Info: meth_img/Tidy_setup.png used on input line 17.
(pdftex.def)             Requested size: 350.68274pt x 262.77747pt.

Overfull \hbox (3.91663pt too wide) in paragraph at lines 15--18
 [][] 
 []

[26





{C:/Users/cmcerlean/AppData/Local/MiKTeX/2.9/pdftex/config/pdftex.map}]
[27 <C:/Users/cmcerlean/Documents/Thesis/Full thesis/meth_img/setup_diagram.png
> <C:/Users/cmcerlean/Documents/Thesis/Full thesis/meth_img/Tidy_setup.png>]
LaTeX Font Info:    Try loading font information for OMS+cmr on input line 24.

("C:\Program Files\MiKTeX 2.9\tex\latex\base\omscmr.fd"
File: omscmr.fd 1999/05/25 v2.5h Standard LaTeX font definitions
)
LaTeX Font Info:    Font shape `OMS/cmr/m/n' in size <12> not available
(Font)              Font shape `OMS/cmsy/m/n' tried instead on input line 24.
 [28]
Underfull \hbox (badness 3312) in paragraph at lines 79--79
[]|\OT1/cmr/bx/n/12 Voxel size
 []


Underfull \hbox (badness 10000) in paragraph at lines 79--79
[]|\OT1/cmr/bx/n/12 Acquisition
 []


Underfull \hbox (badness 10000) in paragraph at lines 81--81
[]|\OT1/cmr/m/n/12 High-
 []

[29] <meth_img/P19_proj_190.jpeg, id=27, 513.92pt x 513.92pt>
File: meth_img/P19_proj_190.jpeg Graphic file (type jpg)

<use meth_img/P19_proj_190.jpeg>
Package pdftex.def Info: meth_img/P19_proj_190.jpeg used on input line 94.
(pdftex.def)             Requested size: 185.65297pt x 185.65407pt.

<meth_img/P19_proj_690.jpeg, id=28, 513.92pt x 513.92pt>
File: meth_img/P19_proj_690.jpeg Graphic file (type jpg)

<use meth_img/P19_proj_690.jpeg>
Package pdftex.def Info: meth_img/P19_proj_690.jpeg used on input line 96.
(pdftex.def)             Requested size: 185.65297pt x 185.65407pt.
 [30 <C:/Users/cmcerlean/Documents/Thesis/Full thesis/meth_img/P19_proj_190.jpe
g> <C:/Users/cmcerlean/Documents/Thesis/Full thesis/meth_img/P19_proj_690.jpeg>
]
<meth_img/P19_recon370-399av_lineprofiles.png, id=37, 513.92pt x 513.92pt>
File: meth_img/P19_recon370-399av_lineprofiles.png Graphic file (type png)

<use meth_img/P19_recon370-399av_lineprofiles.png>
Package pdftex.def Info: meth_img/P19_recon370-399av_lineprofiles.png used on i
nput line 110.
(pdftex.def)             Requested size: 297.04727pt x 297.05437pt.

<meth_img/P19_lineprofiles.png, id=38, 537.50812pt x 567.62062pt>
File: meth_img/P19_lineprofiles.png Graphic file (type png)

<use meth_img/P19_lineprofiles.png>
Package pdftex.def Info: meth_img/P19_lineprofiles.png used on input line 117.
(pdftex.def)             Requested size: 412.56497pt x 435.67476pt.
 [31 <C:/Users/cmcerlean/Documents/Thesis/Full thesis/meth_img/P19_recon370-399
av_lineprofiles.png>] [32 <C:/Users/cmcerlean/Documents/Thesis/Full thesis/meth
_img/P19_lineprofiles.png>]
<meth_img/Brain_J5_clearing.png, id=47, 709.2096pt x 228.855pt>
File: meth_img/Brain_J5_clearing.png Graphic file (type png)

<use meth_img/Brain_J5_clearing.png>
Package pdftex.def Info: meth_img/Brain_J5_clearing.png used on input line 151.

(pdftex.def)             Requested size: 412.56497pt x 133.13408pt.

<meth_img/heart_brain_sclbr.png, id=48, 445.1832pt x 291.489pt>
File: meth_img/heart_brain_sclbr.png Graphic file (type png)

<use meth_img/heart_brain_sclbr.png>
Package pdftex.def Info: meth_img/heart_brain_sclbr.png used on input line 176.

(pdftex.def)             Requested size: 412.56497pt x 270.14348pt.
 [33 <C:/Users/cmcerlean/Documents/Thesis/Full thesis/meth_img/Brain_J5_clearin
g.png>]
<meth_img/tumours.png, id=53, 296.7888pt x 302.5704pt>
File: meth_img/tumours.png Graphic file (type png)

<use meth_img/tumours.png>
Package pdftex.def Info: meth_img/tumours.png used on input line 183.
(pdftex.def)             Requested size: 412.56497pt x 420.60857pt.
 [34 <C:/Users/cmcerlean/Documents/Thesis/Full thesis/meth_img/heart_brain_sclb
r.png>] [35 <C:/Users/cmcerlean/Documents/Thesis/Full thesis/meth_img/tumours.p
ng>] [36]
<meth_img/EB_rod_new.jpg, id=65, 473.1276pt x 464.4552pt>
File: meth_img/EB_rod_new.jpg Graphic file (type jpg)

<use meth_img/EB_rod_new.jpg>
Package pdftex.def Info: meth_img/EB_rod_new.jpg used on input line 214.
(pdftex.def)             Requested size: 412.56497pt x 405.00114pt.
 [37 <C:/Users/cmcerlean/Documents/Thesis/Full thesis/meth_img/EB_rod_new.jpg>]

<meth_img/ideal_dof_diagram.jpg, id=69, 365.2044pt x 211.0284pt>
File: meth_img/ideal_dof_diagram.jpg Graphic file (type jpg)

<use meth_img/ideal_dof_diagram.jpg>
Package pdftex.def Info: meth_img/ideal_dof_diagram.jpg used on input line 240.

(pdftex.def)             Requested size: 371.30595pt x 214.56346pt.
 [38 <C:/Users/cmcerlean/Documents/Thesis/Full thesis/meth_img/ideal_dof_diagra
m.jpg>] [39]
<meth_img/MTF3_targetimage.png, id=80, 513.92pt x 513.92pt>
File: meth_img/MTF3_targetimage.png Graphic file (type png)

<use meth_img/MTF3_targetimage.png>
Package pdftex.def Info: meth_img/MTF3_targetimage.png used on input line 293.
(pdftex.def)             Requested size: 123.77074pt x 123.76677pt.

<meth_img/croppedESF_MTF3.png, id=81, 617.30624pt x 344.03531pt>
File: meth_img/croppedESF_MTF3.png Graphic file (type png)

<use meth_img/croppedESF_MTF3.png>
Package pdftex.def Info: meth_img/croppedESF_MTF3.png used on input line 295.
(pdftex.def)             Requested size: 226.91199pt x 126.46164pt.
 [40]
<meth_img/MTF_50_graph.png, id=85, 516.42938pt x 339.51843pt>
File: meth_img/MTF_50_graph.png Graphic file (type png)

<use meth_img/MTF_50_graph.png>
Package pdftex.def Info: meth_img/MTF_50_graph.png used on input line 302.
(pdftex.def)             Requested size: 288.79422pt x 189.86998pt.
 [41 <C:/Users/cmcerlean/Documents/Thesis/Full thesis/meth_img/MTF3_targetimage
.png> <C:/Users/cmcerlean/Documents/Thesis/Full thesis/meth_img/croppedESF_MTF3
.png> <C:/Users/cmcerlean/Documents/Thesis/Full thesis/meth_img/MTF_50_graph.pn
g>]
<mrt_img/mrt_Fig6.jpg, id=89, 505.89pt x 441.3288pt>
File: mrt_img/mrt_Fig6.jpg Graphic file (type jpg)

<use mrt_img/mrt_Fig6.jpg>
Package pdftex.def Info: mrt_img/mrt_Fig6.jpg used on input line 345.
(pdftex.def)             Requested size: 371.30595pt x 323.92494pt.
 [42]
<meth_img/bead_DOF_d2_res_test_1_10_15_scan5.jpg, id=93, 256.7994pt x 256.7994p
t>
File: meth_img/bead_DOF_d2_res_test_1_10_15_scan5.jpg Graphic file (type jpg)
 <use meth_img/bead_DOF_d2_res_test_1_10_15_scan5.jpg>
Package pdftex.def Info: meth_img/bead_DOF_d2_res_test_1_10_15_scan5.jpg used o
n input line 373.
(pdftex.def)             Requested size: 288.79422pt x 288.8124pt.
) [43 <C:/Users/cmcerlean/Documents/Thesis/Full thesis/mrt_img/mrt_Fig6.jpg>] [
44 <C:/Users/cmcerlean/Documents/Thesis/Full thesis/meth_img/bead_DOF_d2_res_te
st_1_10_15_scan5.jpg>]
("C:\Users\cmcerlean\Documents\Thesis\Full thesis\Master_thesis.bbl"
Underfull \hbox (badness 1024) in paragraph at lines 4--9
[]\OT1/cmr/m/n/12 Abdul Rah-man, A., Elke, B., Brochard, T.,
 []


Underfull \hbox (badness 4084) in paragraph at lines 11--16
[]\OT1/cmr/m/n/12 Abdul Rah-man, A. T., Brauer-Krisch, E.,
 []

[79







]
Missing character: There is no â in font cmr12!
Missing character: There is no ˆ in font cmr12!
Missing character: There is no ’ in font cmr12!
Missing character: There is no â in font cmr12!
Missing character: There is no ˆ in font cmr12!
Missing character: There is no ’ in font cmr12!
Missing character: There is no â in font cmr12!
Missing character: There is no € in font cmr12!
Missing character: There is no “ in font cmr12!
 [80]
Underfull \hbox (badness 3250) in paragraph at lines 117--123
[]\OT1/cmr/m/n/12 Brauer-Krisch, E., Nemoz, C., Brochard, T.,
 []

[81] [82]
Missing character: There is no â in font cmr12!
Missing character: There is no € in font cmr12!
Missing character: There is no “ in font cmr12!
 [83]
Missing character: There is no â in font cmr12!
Missing character: There is no € in font cmr12!
Missing character: There is no “ in font cmr12!
 [84]
Missing character: There is no â in font cmr12!
Missing character: There is no € in font cmr12!
Missing character: There is no “ in font cmr12!
Missing character: There is no Î in font cmr12!
Missing character: There is no ² in font cmr12!
 [85] [86] [87] [88] [89] [90] [91] [92]) [93]
("C:\Users\cmcerlean\Documents\Thesis\Full thesis\Master_thesis.aux"
("C:\Users\cmcerlean\Documents\Thesis\Full thesis\intro.aux")
("C:\Users\cmcerlean\Documents\Thesis\Full thesis\methods.aux")
("C:\Users\cmcerlean\Documents\Thesis\Full thesis\mrt.aux")
("C:\Users\cmcerlean\Documents\Thesis\Full thesis\spleen.aux")
("C:\Users\cmcerlean\Documents\Thesis\Full thesis\vascular.aux")
("C:\Users\cmcerlean\Documents\Thesis\Full thesis\conclusions.aux")) ) 
Here is how much of TeX's memory you used:
 7703 strings out of 494045
 120649 string characters out of 3148375
 267173 words of memory out of 3000000
 10813 multiletter control sequences out of 15000+200000
 13994 words of font info for 53 fonts, out of 3000000 for 9000
 715 hyphenation exceptions out of 8191
 57i,10n,100p,1509b,392s stack positions out of 5000i,500n,10000p,200000b,50000s
<C:/Progr
am Files/MiKTeX 2.9/fonts/type1/public/amsfonts/cm/cmbx10.pfb><C:/Program Files
/MiKTeX 2.9/fonts/type1/public/amsfonts/cm/cmbx12.pfb><C:/Program Files/MiKTeX 
2.9/fonts/type1/public/amsfonts/cm/cmex10.pfb><C:/Program Files/MiKTeX 2.9/font
s/type1/public/amsfonts/cm/cmmi10.pfb><C:/Program Files/MiKTeX 2.9/fonts/type1/
public/amsfonts/cm/cmmi12.pfb><C:/Program Files/MiKTeX 2.9/fonts/type1/public/a
msfonts/cm/cmmi8.pfb><C:/Program Files/MiKTeX 2.9/fonts/type1/public/amsfonts/c
m/cmr10.pfb><C:/Program Files/MiKTeX 2.9/fonts/type1/public/amsfonts/cm/cmr12.p
fb><C:/Program Files/MiKTeX 2.9/fonts/type1/public/amsfonts/cm/cmr8.pfb><C:/Pro
gram Files/MiKTeX 2.9/fonts/type1/public/amsfonts/cm/cmsl10.pfb><C:/Program Fil
es/MiKTeX 2.9/fonts/type1/public/amsfonts/cm/cmsl12.pfb><C:/Program Files/MiKTe
X 2.9/fonts/type1/public/amsfonts/cm/cmsl8.pfb><C:/Program Files/MiKTeX 2.9/fon
ts/type1/public/amsfonts/cm/cmssbx10.pfb><C:/Program Files/MiKTeX 2.9/fonts/typ
e1/public/amsfonts/cm/cmsy10.pfb><C:/Program Files/MiKTeX 2.9/fonts/type1/publi
c/amsfonts/cm/cmsy8.pfb><C:/Program Files/MiKTeX 2.9/fonts/type1/public/amsfont
s/cm/cmti12.pfb><C:/Program Files/MiKTeX 2.9/fonts/type1/hoekwater/rsfs/rsfs10.
pfb>
Output written on Master_thesis.pdf (34 pages, 5705698 bytes).
PDF statistics:
 201 PDF objects out of 1000 (max. 8388607)
 0 named destinations out of 1000 (max. 500000)
 81 words of extra memory for PDF output out of 10000 (max. 10000000)

